{
  "Unit Tests": {
    "coverage": {
      "/Users/christinegamble/turing/1module/projects/black_thursday/lib/sales_analyst.rb": [
        1,
        1,
        1,
        null,
        1,
        1,
        23,
        23,
        23,
        23,
        23,
        23,
        23,
        23,
        null,
        null,
        1,
        4,
        1900,
        1900,
        null,
        null,
        null,
        1,
        2,
        2,
        null,
        null,
        1,
        489,
        489,
        489,
        null,
        null,
        1,
        2,
        2,
        2,
        null,
        null,
        1,
        3756,
        7,
        7,
        null,
        null,
        1,
        1,
        1,
        1,
        1,
        null,
        null,
        1,
        1,
        475,
        null,
        null,
        null,
        1,
        476,
        476,
        1368,
        null,
        476,
        null,
        null,
        1,
        1,
        475,
        null,
        1,
        null,
        null,
        1,
        1,
        1,
        1367,
        null,
        null,
        null,
        1,
        2736,
        null,
        null,
        1,
        1,
        1,
        1,
        null,
        null,
        1,
        6,
        6,
        null,
        null,
        1,
        9,
        4275,
        4275,
        null,
        null,
        null,
        1,
        3,
        3,
        null,
        null,
        1,
        1,
        1,
        1,
        1,
        475,
        null,
        null,
        null,
        1,
        1,
        1,
        1,
        1,
        475,
        null,
        null,
        null,
        1,
        16,
        2,
        9970,
        9970,
        null,
        2,
        null,
        null,
        1,
        1,
        1,
        1,
        1,
        1,
        7,
        null,
        2,
        1,
        null,
        null,
        1,
        1,
        1,
        0,
        null,
        0,
        null,
        0,
        null,
        1,
        null,
        0,
        null,
        0,
        null,
        0,
        null,
        null,
        1,
        null,
        null,
        1,
        14958,
        3,
        3,
        null,
        null,
        null,
        null,
        1,
        1,
        1,
        4985,
        null,
        1,
        0,
        0,
        null,
        null,
        1,
        null,
        null,
        1,
        951,
        951,
        951,
        951,
        9980,
        5625,
        null,
        null,
        951,
        null,
        null,
        1,
        2,
        2,
        950,
        950,
        null,
        952,
        2,
        null,
        null,
        1,
        1,
        1,
        null,
        null,
        1,
        1,
        1,
        475,
        1542,
        467,
        null,
        null,
        1,
        null,
        null,
        1,
        2,
        950,
        null,
        null,
        null,
        1,
        1,
        1,
        243,
        null,
        null,
        null,
        1,
        1,
        1,
        1,
        1,
        1,
        11,
        1,
        11,
        51,
        1,
        null,
        null,
        1,
        2,
        20,
        null,
        null,
        null,
        1,
        2,
        10,
        null,
        2,
        null,
        null,
        1,
        2,
        2,
        56,
        56,
        328,
        null,
        null,
        2,
        null,
        null,
        1,
        1,
        164,
        null,
        null,
        null,
        1,
        328,
        53792,
        null,
        null,
        null,
        1,
        2,
        6,
        null,
        null,
        null,
        null,
        1,
        1,
        1,
        1,
        1,
        1,
        29,
        1,
        29,
        10,
        1,
        1,
        null,
        null,
        1,
        1,
        164,
        164,
        164,
        null,
        null,
        null,
        null,
        null,
        null
      ],
      "/Users/christinegamble/turing/1module/projects/black_thursday/lib/sales_engine.rb": [
        1,
        1,
        1,
        1,
        1,
        1,
        1,
        1,
        null,
        1,
        1,
        null,
        null,
        1,
        23,
        23,
        23,
        23,
        23,
        23,
        23,
        23,
        23,
        23,
        23,
        23,
        23,
        null,
        null,
        1,
        23,
        23,
        23,
        23,
        23,
        23,
        23,
        null,
        null,
        1,
        138,
        null,
        null,
        1,
        23,
        23,
        23,
        23,
        23,
        23,
        null,
        null,
        1,
        69,
        null,
        null,
        1,
        46,
        null,
        null,
        1,
        46,
        null,
        null,
        1,
        23,
        null,
        null,
        1,
        23,
        null,
        null,
        1,
        23,
        null,
        null,
        1,
        3801,
        null,
        null,
        1,
        0,
        null,
        null,
        1,
        6653,
        null,
        null,
        1,
        5635,
        null,
        null,
        1,
        0,
        null,
        null,
        1,
        16692,
        null,
        null,
        1,
        0,
        null,
        null,
        1,
        0,
        null,
        null,
        1,
        0,
        null,
        null,
        1,
        0,
        null,
        null,
        null,
        null,
        null,
        null,
        null,
        null
      ],
      "/Users/christinegamble/turing/1module/projects/black_thursday/lib/item_repository.rb": [
        1,
        1,
        null,
        1,
        1,
        null,
        1,
        23,
        23,
        null,
        null,
        1,
        0,
        null,
        null,
        1,
        69,
        31441,
        null,
        69,
        null,
        null,
        1,
        0,
        null,
        null,
        1,
        6627,
        null,
        null,
        1,
        0,
        null,
        null,
        1,
        0,
        0,
        null,
        null,
        null,
        1,
        0,
        null,
        null,
        1,
        0,
        null,
        null,
        1,
        3801,
        5195967,
        null,
        null,
        null,
        1,
        0,
        null,
        null,
        null,
        null,
        null,
        null,
        null
      ],
      "/Users/christinegamble/turing/1module/projects/black_thursday/lib/item.rb": [
        1,
        1,
        1,
        null,
        1,
        1,
        null,
        null,
        1,
        31441,
        31441,
        31441,
        31441,
        31441,
        31441,
        31441,
        31441,
        null,
        null,
        1,
        0,
        null,
        null,
        1,
        0,
        0,
        null,
        null,
        null,
        null,
        null,
        null,
        null,
        null
      ],
      "/Users/christinegamble/turing/1module/projects/black_thursday/lib/merchant_repository.rb": [
        1,
        1,
        null,
        1,
        1,
        null,
        1,
        23,
        23,
        null,
        null,
        1,
        0,
        null,
        null,
        1,
        46,
        10925,
        null,
        46,
        null,
        null,
        1,
        0,
        null,
        null,
        1,
        341057,
        null,
        null,
        1,
        0,
        0,
        null,
        null,
        null,
        1,
        0,
        0,
        null,
        null,
        null,
        1,
        3801,
        null,
        null,
        1,
        6653,
        null,
        null,
        1,
        0,
        null,
        null,
        null,
        null,
        null
      ],
      "/Users/christinegamble/turing/1module/projects/black_thursday/lib/merchant.rb": [
        1,
        1,
        null,
        1,
        10925,
        10925,
        10925,
        10925,
        null,
        null,
        1,
        3801,
        null,
        null,
        1,
        6653,
        null,
        null,
        1,
        243,
        null,
        null,
        1,
        0,
        0,
        0,
        0,
        null,
        null,
        null,
        null
      ],
      "/Users/christinegamble/turing/1module/projects/black_thursday/lib/invoice_repository.rb": [
        1,
        null,
        1,
        1,
        null,
        1,
        23,
        23,
        null,
        null,
        1,
        0,
        null,
        null,
        1,
        46,
        114655,
        null,
        46,
        null,
        null,
        1,
        0,
        null,
        null,
        1,
        0,
        null,
        null,
        1,
        0,
        null,
        null,
        1,
        33171858,
        null,
        null,
        1,
        0,
        0,
        null,
        null,
        null,
        1,
        0,
        null,
        null,
        1,
        5635,
        null,
        null,
        1,
        0,
        null,
        null,
        1,
        16692,
        null,
        null,
        1,
        0,
        null,
        null,
        null
      ],
      "/Users/christinegamble/turing/1module/projects/black_thursday/lib/invoice.rb": [
        1,
        null,
        1,
        1,
        null,
        null,
        1,
        114655,
        114655,
        114655,
        114655,
        114655,
        114655,
        114655,
        null,
        null,
        1,
        14955,
        null,
        null,
        1,
        0,
        0,
        null,
        null,
        1,
        9970,
        null,
        null,
        1,
        0,
        0,
        0,
        null,
        null,
        null,
        1,
        5635,
        5635,
        null,
        null,
        1,
        0,
        0,
        null,
        null,
        1,
        16692,
        16692,
        null,
        null,
        1,
        16692,
        16692,
        13468,
        null,
        null,
        null,
        1,
        5625,
        5625,
        5625,
        5625,
        24366,
        24366,
        24366,
        null,
        null,
        5625,
        null,
        null,
        null
      ],
      "/Users/christinegamble/turing/1module/projects/black_thursday/lib/transaction_repository.rb": [
        1,
        null,
        1,
        1,
        null,
        1,
        23,
        23,
        null,
        null,
        1,
        0,
        null,
        null,
        1,
        23,
        114655,
        null,
        23,
        null,
        null,
        1,
        0,
        null,
        null,
        1,
        0,
        null,
        null,
        1,
        83226312,
        null,
        null,
        1,
        0,
        null,
        null,
        1,
        0,
        null,
        null,
        1,
        0,
        null,
        null,
        null
      ],
      "/Users/christinegamble/turing/1module/projects/black_thursday/lib/transaction.rb": [
        1,
        null,
        1,
        1,
        null,
        null,
        1,
        114655,
        114655,
        114655,
        114655,
        114655,
        114655,
        114655,
        114655,
        null,
        null,
        1,
        0,
        0,
        null,
        null
      ],
      "/Users/christinegamble/turing/1module/projects/black_thursday/lib/invoice_item_repository.rb": [
        1,
        1,
        null,
        1,
        1,
        null,
        1,
        23,
        23,
        null,
        null,
        1,
        0,
        null,
        null,
        1,
        23,
        502090,
        null,
        23,
        null,
        null,
        1,
        0,
        null,
        null,
        1,
        0,
        null,
        null,
        1,
        0,
        null,
        null,
        1,
        123017685,
        null,
        null,
        null,
        null,
        null,
        null,
        null,
        null,
        null,
        null
      ],
      "/Users/christinegamble/turing/1module/projects/black_thursday/lib/invoice_item.rb": [
        1,
        1,
        1,
        null,
        1,
        1,
        null,
        null,
        1,
        502090,
        502090,
        502090,
        502090,
        502090,
        502090,
        502090,
        502090,
        null,
        null,
        1,
        0,
        null,
        null,
        null
      ],
      "/Users/christinegamble/turing/1module/projects/black_thursday/lib/customer_repository.rb": [
        1,
        1,
        null,
        1,
        1,
        null,
        1,
        23,
        23,
        null,
        null,
        1,
        0,
        null,
        null,
        1,
        23,
        23000,
        null,
        23,
        null,
        null,
        1,
        0,
        null,
        null,
        1,
        0,
        null,
        null,
        1,
        0,
        0,
        null,
        null,
        null,
        1,
        0,
        0,
        null,
        null,
        null,
        1,
        0,
        null,
        null,
        1,
        0,
        null,
        null
      ],
      "/Users/christinegamble/turing/1module/projects/black_thursday/lib/customer.rb": [
        1,
        1,
        null,
        null,
        1,
        23000,
        23000,
        23000,
        23000,
        23000,
        23000,
        null,
        null,
        1,
        0,
        0,
        0,
        0,
        null,
        null,
        null,
        null
      ]
    },
    "timestamp": 1461782039
  },
  "RSpec": {
    "coverage": {
      "/Users/christinegamble/turing/1module/projects/black_thursday/lib/customer_repository.rb": [
        1,
        1,
        null,
        1,
        1,
        null,
        1,
        34,
        34,
        null,
        null,
        1,
        0,
        null,
        null,
        1,
        28,
        28000,
        null,
        28,
        null,
        null,
        1,
        1,
        null,
        null,
        1,
        2,
        null,
        null,
        1,
        1,
        2,
        null,
        null,
        null,
        1,
        1,
        2,
        null,
        null,
        null,
        1,
        0,
        null,
        null,
        1,
        0,
        null,
        null
      ],
      "/Users/christinegamble/turing/1module/projects/black_thursday/lib/customer.rb": [
        1,
        1,
        null,
        null,
        1,
        28020,
        28020,
        28020,
        28020,
        28020,
        28020,
        null,
        null,
        1,
        0,
        0,
        0,
        0,
        null,
        null,
        null,
        null
      ],
      "/Users/christinegamble/turing/1module/projects/black_thursday/test/customer_test.rb": [
        1,
        1,
        null,
        1,
        1,
        null,
        1,
        8,
        null,
        null,
        null,
        null,
        null,
        null,
        null,
        8,
        null,
        null,
        null,
        null,
        null,
        8,
        null,
        null,
        1,
        1,
        null,
        null,
        1,
        1,
        null,
        null,
        1,
        1,
        null,
        null,
        1,
        1,
        null,
        null,
        1,
        1,
        1,
        1,
        1,
        null,
        null,
        1,
        1,
        1,
        1,
        1,
        null,
        null,
        1,
        1,
        0,
        0,
        0,
        0,
        0,
        null,
        null
      ],
      "/Users/christinegamble/turing/1module/projects/black_thursday/test/invoice_item_repository_test.rb": [
        1,
        1,
        null,
        1,
        1,
        null,
        1,
        8,
        null,
        null,
        null,
        null,
        null,
        null,
        null,
        null,
        null,
        8,
        null,
        null,
        null,
        null,
        null,
        null,
        null,
        null,
        null,
        8,
        8,
        null,
        null,
        1,
        1,
        null,
        null,
        1,
        1,
        null,
        null,
        1,
        1,
        1,
        null,
        null,
        1,
        1,
        null,
        null,
        1,
        1,
        1,
        null,
        null,
        1,
        1,
        null,
        null,
        1,
        1,
        1,
        null,
        null,
        1,
        1,
        null,
        null,
        null
      ],
      "/Users/christinegamble/turing/1module/projects/black_thursday/lib/invoice_item_repository.rb": [
        1,
        1,
        null,
        1,
        1,
        null,
        1,
        36,
        36,
        null,
        null,
        1,
        0,
        null,
        null,
        1,
        28,
        611240,
        null,
        28,
        null,
        null,
        1,
        1,
        null,
        null,
        1,
        6,
        null,
        null,
        1,
        6,
        null,
        null,
        1,
        61563426,
        null,
        null,
        null,
        null,
        null,
        null,
        null,
        null,
        null,
        null
      ],
      "/Users/christinegamble/turing/1module/projects/black_thursday/lib/invoice_item.rb": [
        1,
        1,
        1,
        null,
        1,
        1,
        null,
        null,
        1,
        611265,
        611265,
        611265,
        611265,
        611265,
        611265,
        611265,
        611265,
        null,
        null,
        1,
        1,
        null,
        null,
        null
      ],
      "/Users/christinegamble/turing/1module/projects/black_thursday/test/invoice_item_test.rb": [
        1,
        1,
        null,
        1,
        1,
        null,
        1,
        9,
        null,
        null,
        null,
        null,
        null,
        null,
        null,
        null,
        null,
        null,
        1,
        1,
        null,
        null,
        1,
        1,
        null,
        null,
        1,
        1,
        null,
        null,
        1,
        1,
        null,
        null,
        1,
        1,
        null,
        null,
        1,
        1,
        null,
        null,
        1,
        1,
        null,
        null,
        1,
        1,
        1,
        1,
        1,
        null,
        null,
        1,
        1,
        1,
        1,
        1,
        null,
        null
      ],
      "/Users/christinegamble/turing/1module/projects/black_thursday/test/invoice_repository_test.rb": [
        1,
        1,
        null,
        1,
        1,
        8,
        null,
        null,
        null,
        null,
        null,
        null,
        null,
        null,
        8,
        null,
        null,
        null,
        null,
        null,
        null,
        null,
        null,
        8,
        8,
        null,
        null,
        1,
        1,
        null,
        null,
        1,
        1,
        null,
        null,
        1,
        1,
        1,
        null,
        null,
        1,
        1,
        null,
        null,
        1,
        1,
        1,
        null,
        null,
        1,
        1,
        null,
        null,
        1,
        1,
        1,
        null,
        null,
        1,
        1,
        null,
        null,
        null,
        null
      ],
      "/Users/christinegamble/turing/1module/projects/black_thursday/lib/invoice_repository.rb": [
        1,
        null,
        1,
        1,
        null,
        1,
        36,
        36,
        null,
        null,
        1,
        0,
        null,
        null,
        1,
        45,
        139580,
        null,
        45,
        null,
        null,
        1,
        1,
        null,
        null,
        1,
        6,
        null,
        null,
        1,
        6,
        null,
        null,
        1,
        30803514,
        null,
        null,
        1,
        0,
        0,
        null,
        null,
        null,
        1,
        0,
        null,
        null,
        1,
        2820,
        null,
        null,
        1,
        0,
        null,
        null,
        1,
        8887,
        null,
        null,
        1,
        0,
        null,
        null,
        null
      ],
      "/Users/christinegamble/turing/1module/projects/black_thursday/lib/invoice.rb": [
        1,
        null,
        1,
        1,
        null,
        null,
        1,
        139603,
        139603,
        139603,
        139603,
        139603,
        139603,
        139603,
        null,
        null,
        1,
        14959,
        null,
        null,
        1,
        0,
        0,
        null,
        null,
        1,
        0,
        null,
        null,
        1,
        0,
        0,
        0,
        null,
        null,
        null,
        1,
        2820,
        2820,
        null,
        null,
        1,
        0,
        0,
        null,
        null,
        1,
        8887,
        8887,
        null,
        null,
        1,
        8887,
        8887,
        7090,
        null,
        null,
        null,
        1,
        2815,
        2815,
        2815,
        2815,
        12197,
        12197,
        12197,
        null,
        null,
        2815,
        null,
        null,
        null
      ],
      "/Users/christinegamble/turing/1module/projects/black_thursday/test/invoice_test.rb": [
        1,
        1,
        null,
        1,
        1,
        null,
        1,
        7,
        null,
        null,
        null,
        null,
        null,
        null,
        null,
        null,
        null,
        1,
        1,
        null,
        null,
        1,
        1,
        null,
        null,
        1,
        1,
        null,
        null,
        1,
        1,
        null,
        null,
        1,
        1,
        null,
        null,
        1,
        1,
        1,
        1,
        1,
        null,
        null,
        1,
        1,
        1,
        1,
        1,
        null,
        null
      ],
      "/Users/christinegamble/turing/1module/projects/black_thursday/test/item_repository_test.rb": [
        1,
        1,
        null,
        1,
        null,
        1,
        18,
        null,
        null,
        null,
        null,
        null,
        null,
        18,
        null,
        null,
        null,
        null,
        null,
        null,
        18,
        18,
        null,
        null,
        1,
        1,
        null,
        null,
        1,
        1,
        1,
        null,
        null,
        1,
        1,
        1,
        null,
        null,
        1,
        1,
        1,
        1,
        null,
        null,
        1,
        1,
        1,
        1,
        null,
        null,
        1,
        1,
        1,
        1,
        null,
        null,
        1,
        1,
        1,
        1,
        null,
        null,
        1,
        1,
        1,
        1,
        null,
        null,
        1,
        1,
        1,
        null,
        null,
        1,
        1,
        1,
        null,
        null,
        1,
        1,
        1,
        null,
        null,
        1,
        1,
        1,
        1,
        null,
        null,
        1,
        1,
        1,
        null,
        null,
        1,
        1,
        1,
        1,
        null,
        null,
        1,
        1,
        1,
        1,
        null,
        null,
        1,
        1,
        1,
        null,
        null,
        1,
        1,
        1,
        1,
        null,
        null,
        1,
        1,
        1,
        null,
        null,
        null
      ],
      "/Users/christinegamble/turing/1module/projects/black_thursday/lib/item_repository.rb": [
        1,
        1,
        null,
        1,
        1,
        null,
        1,
        47,
        47,
        null,
        null,
        1,
        0,
        null,
        null,
        1,
        66,
        38276,
        null,
        66,
        null,
        null,
        1,
        2,
        null,
        null,
        1,
        5324,
        null,
        null,
        1,
        11,
        null,
        null,
        1,
        3,
        6,
        null,
        null,
        null,
        1,
        6,
        null,
        null,
        1,
        9,
        null,
        null,
        1,
        3332,
        4552114,
        null,
        null,
        null,
        1,
        2,
        null,
        null,
        null,
        null,
        null,
        null,
        null
      ],
      "/Users/christinegamble/turing/1module/projects/black_thursday/lib/item.rb": [
        1,
        1,
        1,
        null,
        1,
        1,
        null,
        null,
        1,
        38321,
        38321,
        38321,
        38321,
        38321,
        38321,
        38321,
        38321,
        null,
        null,
        1,
        1,
        null,
        null,
        1,
        2,
        2,
        null,
        null,
        null,
        null,
        null,
        null,
        null,
        null
      ],
      "/Users/christinegamble/turing/1module/projects/black_thursday/test/item_test.rb": [
        1,
        1,
        null,
        1,
        null,
        1,
        9,
        null,
        null,
        null,
        null,
        null,
        null,
        1,
        1,
        null,
        null,
        1,
        1,
        null,
        null,
        1,
        1,
        null,
        null,
        1,
        1,
        null,
        null,
        1,
        1,
        null,
        null,
        1,
        1,
        1,
        1,
        1,
        null,
        null,
        1,
        1,
        1,
        1,
        1,
        null,
        null,
        1,
        1,
        null,
        null,
        1,
        1,
        null,
        null,
        null,
        null
      ],
      "/Users/christinegamble/turing/1module/projects/black_thursday/test/merchant_repository_test.rb": [
        1,
        1,
        1,
        null,
        1,
        1,
        null,
        1,
        7,
        7,
        7,
        7,
        null,
        null,
        1,
        1,
        null,
        null,
        1,
        1,
        1,
        null,
        null,
        null,
        null,
        1,
        1,
        1,
        null,
        null,
        1,
        1,
        1,
        null,
        null,
        1,
        1,
        1,
        null,
        null,
        1,
        1,
        1,
        1,
        1,
        1,
        1,
        null,
        1,
        null,
        null,
        1,
        1,
        1,
        1,
        0,
        null,
        null
      ],
      "/Users/christinegamble/turing/1module/projects/black_thursday/lib/merchant_repository.rb": [
        1,
        1,
        null,
        1,
        1,
        null,
        1,
        37,
        37,
        null,
        null,
        1,
        0,
        null,
        null,
        1,
        49,
        13300,
        null,
        49,
        null,
        null,
        1,
        2,
        null,
        null,
        1,
        229915,
        null,
        null,
        1,
        3,
        478,
        null,
        null,
        null,
        1,
        1,
        3,
        null,
        null,
        null,
        1,
        3327,
        null,
        null,
        1,
        6178,
        null,
        null,
        1,
        1,
        null,
        null,
        null,
        null,
        null
      ],
      "/Users/christinegamble/turing/1module/projects/black_thursday/lib/merchant.rb": [
        1,
        1,
        null,
        1,
        13322,
        13322,
        13322,
        13322,
        null,
        null,
        1,
        3328,
        null,
        null,
        1,
        6179,
        null,
        null,
        null,
        null,
        null,
        null,
        1,
        0,
        0,
        0,
        0,
        null,
        null,
        null,
        null
      ],
      "/Users/christinegamble/turing/1module/projects/black_thursday/test/merchant_test.rb": [
        1,
        1,
        null,
        1,
        1,
        null,
        1,
        9,
        9,
        null,
        null,
        1,
        1,
        1,
        null,
        null,
        1,
        1,
        1,
        null,
        null,
        1,
        1,
        1,
        null,
        null,
        1,
        1,
        1,
        1,
        1,
        1,
        null,
        null,
        1,
        1,
        1,
        1,
        1,
        1,
        null,
        null,
        1,
        1,
        0,
        0,
        0,
        0,
        0,
        null,
        null,
        1,
        1,
        0,
        0,
        null,
        null,
        null
      ],
      "/Users/christinegamble/turing/1module/projects/black_thursday/test/sales_analyst_test.rb": [
        1,
        1,
        null,
        1,
        1,
        17,
        null,
        null,
        null,
        null,
        null,
        null,
        17,
        null,
        null,
        1,
        1,
        0,
        null,
        null,
        1,
        1,
        1,
        1,
        null,
        null,
        1,
        1,
        1,
        1,
        null,
        null,
        1,
        1,
        1,
        1,
        null,
        null,
        1,
        1,
        1,
        null,
        null,
        1,
        1,
        1,
        1,
        null,
        null,
        1,
        1,
        1,
        1,
        null,
        null,
        1,
        1,
        1,
        null,
        null,
        1,
        1,
        1,
        null,
        null,
        1,
        1,
        1,
        1,
        null,
        null,
        1,
        1,
        1,
        1,
        null,
        null,
        1,
        1,
        1,
        1,
        null,
        null,
        1,
        1,
        1,
        1,
        null,
        null,
        1,
        1,
        1,
        1,
        null,
        null,
        1,
        1,
        1,
        1,
        null,
        null,
        1,
        1,
        1,
        1,
        null,
        null,
        1,
        1,
        1,
        1,
        null,
        null,
        null,
        null,
        null
      ],
      "/Users/christinegamble/turing/1module/projects/black_thursday/lib/sales_analyst.rb": [
        1,
        1,
        1,
        null,
        1,
        1,
        17,
        17,
        17,
        17,
        17,
        17,
        17,
        17,
        null,
        null,
        1,
        4,
        1900,
        1900,
        null,
        null,
        null,
        1,
        2,
        2,
        null,
        null,
        1,
        488,
        488,
        488,
        null,
        null,
        1,
        2,
        2,
        2,
        null,
        null,
        1,
        3748,
        6,
        6,
        null,
        null,
        1,
        1,
        1,
        1,
        1,
        null,
        null,
        1,
        1,
        475,
        null,
        null,
        null,
        1,
        476,
        476,
        1368,
        null,
        476,
        null,
        null,
        1,
        1,
        475,
        null,
        1,
        null,
        null,
        1,
        1,
        1,
        1367,
        null,
        null,
        null,
        1,
        2736,
        null,
        null,
        1,
        1,
        1,
        1,
        null,
        null,
        1,
        6,
        6,
        null,
        null,
        1,
        9,
        4275,
        4275,
        null,
        null,
        null,
        1,
        3,
        3,
        null,
        null,
        1,
        1,
        1,
        1,
        1,
        475,
        null,
        null,
        null,
        1,
        1,
        1,
        1,
        1,
        475,
        null,
        null,
        null,
        1,
        0,
        0,
        0,
        0,
        null,
        0,
        null,
        null,
        1,
        0,
        0,
        0,
        0,
        0,
        0,
        null,
        0,
        0,
        null,
        null,
        1,
        0,
        0,
        0,
        null,
        0,
        null,
        0,
        null,
        0,
        null,
        0,
        null,
        0,
        null,
        0,
        null,
        null,
        0,
        null,
        null,
        1,
        14958,
        3,
        3,
        null,
        null,
        null,
        null,
        1,
        0,
        0,
        0,
        null,
        0,
        0,
        0,
        null,
        null,
        0,
        null,
        null,
        1,
        476,
        476,
        476,
        476,
        4995,
        2815,
        null,
        null,
        476,
        null,
        null,
        1,
        1,
        1,
        475,
        475,
        null,
        476,
        1,
        null,
        null,
        1,
        0,
        0,
        null,
        null,
        1,
        1,
        1,
        475,
        1542,
        467,
        null,
        null,
        1,
        null,
        null,
        1,
        1,
        475,
        null,
        null,
        null,
        1,
        0,
        0,
        0,
        null,
        null,
        null,
        1,
        1,
        1,
        1,
        1,
        1,
        11,
        1,
        11,
        51,
        1,
        null,
        null,
        1,
        1,
        10,
        null,
        null,
        null,
        1,
        1,
        5,
        null,
        1,
        null,
        null,
        1,
        1,
        1,
        28,
        28,
        164,
        null,
        null,
        1,
        null,
        null,
        1,
        1,
        164,
        null,
        null,
        null,
        1,
        164,
        26896,
        null,
        null,
        null,
        1,
        1,
        5,
        null,
        null,
        null,
        null,
        1,
        0,
        0,
        0,
        0,
        0,
        0,
        0,
        0,
        0,
        0,
        0,
        null,
        null,
        1,
        0,
        0,
        0,
        0,
        null,
        null,
        null,
        null,
        null,
        null
      ],
      "/Users/christinegamble/turing/1module/projects/black_thursday/lib/sales_engine.rb": [
        1,
        1,
        1,
        1,
        1,
        1,
        1,
        1,
        null,
        1,
        1,
        null,
        null,
        1,
        28,
        28,
        28,
        28,
        28,
        28,
        28,
        28,
        28,
        28,
        28,
        28,
        28,
        null,
        null,
        1,
        28,
        28,
        28,
        28,
        28,
        28,
        28,
        null,
        null,
        1,
        168,
        null,
        null,
        1,
        28,
        28,
        28,
        28,
        28,
        28,
        null,
        null,
        1,
        66,
        null,
        null,
        1,
        49,
        null,
        null,
        1,
        45,
        null,
        null,
        1,
        28,
        null,
        null,
        1,
        28,
        null,
        null,
        1,
        28,
        null,
        null,
        1,
        3328,
        null,
        null,
        1,
        3,
        null,
        null,
        1,
        6178,
        null,
        null,
        1,
        2820,
        null,
        null,
        1,
        0,
        null,
        null,
        1,
        8887,
        null,
        null,
        1,
        0,
        null,
        null,
        1,
        0,
        null,
        null,
        1,
        0,
        null,
        null,
        1,
        0,
        null,
        null,
        null,
        null,
        null,
        null,
        null,
        null
      ],
      "/Users/christinegamble/turing/1module/projects/black_thursday/lib/transaction_repository.rb": [
        1,
        null,
        1,
        1,
        null,
        1,
        38,
        38,
        null,
        null,
        1,
        0,
        null,
        null,
        1,
        28,
        139580,
        null,
        28,
        null,
        null,
        1,
        1,
        null,
        null,
        1,
        6,
        null,
        null,
        1,
        44310588,
        null,
        null,
        1,
        6,
        null,
        null,
        1,
        6,
        null,
        null,
        1,
        0,
        null,
        null,
        null
      ],
      "/Users/christinegamble/turing/1module/projects/black_thursday/lib/transaction.rb": [
        1,
        null,
        1,
        1,
        null,
        null,
        1,
        139608,
        139608,
        139608,
        139608,
        139608,
        139608,
        139608,
        139608,
        null,
        null,
        1,
        0,
        0,
        null,
        null
      ],
      "/Users/christinegamble/turing/1module/projects/black_thursday/test/sales_engine_test.rb": [
        1,
        1,
        null,
        null,
        1,
        null,
        1,
        11,
        null,
        null,
        null,
        null,
        null,
        null,
        null,
        null,
        1,
        1,
        null,
        null,
        1,
        1,
        1,
        1,
        1,
        null,
        null,
        1,
        1,
        1,
        1,
        null,
        null,
        1,
        1,
        1,
        1,
        null,
        null,
        1,
        1,
        1,
        1,
        1,
        null,
        null,
        1,
        1,
        1,
        1,
        null,
        null,
        1,
        1,
        1,
        1,
        null,
        null,
        1,
        1,
        1,
        1,
        1,
        1,
        null,
        null,
        1,
        1,
        1,
        1,
        null,
        1,
        null,
        null,
        1,
        1,
        1,
        1,
        null,
        null,
        1,
        1,
        1,
        1,
        null,
        1,
        null,
        null,
        null
      ],
      "/Users/christinegamble/turing/1module/projects/black_thursday/test/test_helper.rb": [
        1,
        1,
        1,
        1
      ],
      "/Users/christinegamble/turing/1module/projects/black_thursday/test/transaction_repository_test.rb": [
        1,
        1,
        null,
        1,
        1,
        null,
        1,
        10,
        null,
        null,
        null,
        null,
        null,
        null,
        null,
        null,
        null,
        10,
        null,
        null,
        null,
        null,
        null,
        null,
        null,
        null,
        null,
        10,
        10,
        null,
        null,
        1,
        1,
        null,
        null,
        1,
        1,
        null,
        null,
        1,
        1,
        1,
        null,
        null,
        1,
        1,
        null,
        null,
        1,
        1,
        1,
        null,
        null,
        1,
        1,
        null,
        null,
        1,
        1,
        1,
        null,
        null,
        1,
        1,
        null,
        null,
        1,
        1,
        1,
        null,
        null,
        1,
        1,
        1,
        null,
        null,
        null
      ],
      "/Users/christinegamble/turing/1module/projects/black_thursday/test/transaction_test.rb": [
        1,
        1,
        null,
        1,
        1,
        null,
        1,
        8,
        null,
        null,
        null,
        null,
        null,
        null,
        null,
        null,
        null,
        null,
        1,
        1,
        null,
        null,
        1,
        1,
        null,
        null,
        1,
        1,
        null,
        null,
        1,
        1,
        null,
        null,
        1,
        1,
        null,
        null,
        1,
        1,
        null,
        null,
        1,
        1,
        1,
        1,
        1,
        null,
        null,
        1,
        1,
        1,
        1,
        1,
        null,
        null
      ]
    },
    "timestamp": 1461776473
  }
}
