{
  "Unit Tests": {
    "coverage": {
      "/Users/lucyfox/turing/1module/black_thursday/lib/sales_engine.rb": [
        1,
        1,
        1,
        1,
        1,
        1,
        1,
        1,
        null,
        1,
        1,
        null,
        null,
        1,
        19,
        19,
        19,
        19,
        19,
        19,
        19,
        19,
        19,
        19,
        19,
        19,
        19,
        null,
        null,
        1,
        19,
        19,
        19,
        19,
        19,
        19,
        19,
        null,
        null,
        1,
        114,
        null,
        null,
        1,
        19,
        19,
        19,
        19,
        19,
        19,
        null,
        null,
        1,
        23,
        null,
        null,
        1,
        23,
        null,
        null,
        1,
        19,
        null,
        null,
        1,
        19,
        null,
        null,
        1,
        19,
        null,
        null,
        1,
        20,
        null,
        null,
        1,
        2,
        null,
        null,
        1,
        1,
        null,
        null,
        1,
        3,
        null,
        null,
        1,
        1,
        null,
        null,
        1,
        1,
        null,
        null,
        1,
        1,
        null,
        null,
        1,
        1,
        null,
        null,
        1,
        1,
        null,
        null,
        1,
        1,
        null,
        null,
        1,
        1,
        null,
        null,
        null
      ],
      "/Users/lucyfox/turing/1module/black_thursday/lib/item_repository.rb": [
        1,
        1,
        null,
        1,
        1,
        null,
        1,
        19,
        19,
        null,
        null,
        1,
        0,
        null,
        null,
        1,
        23,
        25973,
        null,
        23,
        null,
        null,
        1,
        0,
        null,
        null,
        1,
        804,
        null,
        null,
        1,
        2,
        null,
        null,
        1,
        0,
        0,
        null,
        null,
        null,
        1,
        0,
        null,
        null,
        1,
        0,
        null,
        null,
        1,
        4,
        5468,
        null,
        null,
        null,
        1,
        2,
        null,
        null
      ],
      "/Users/lucyfox/turing/1module/black_thursday/lib/item.rb": [
        1,
        1,
        1,
        null,
        1,
        1,
        null,
        null,
        1,
        25973,
        25973,
        25973,
        25973,
        25973,
        25973,
        25973,
        25973,
        null,
        null,
        1,
        0,
        null,
        null,
        1,
        2,
        null,
        null,
        null
      ],
      "/Users/lucyfox/turing/1module/black_thursday/lib/merchant_repository.rb": [
        1,
        1,
        null,
        1,
        1,
        null,
        1,
        19,
        19,
        null,
        null,
        1,
        0,
        null,
        null,
        1,
        23,
        9025,
        null,
        23,
        null,
        null,
        1,
        0,
        null,
        null,
        1,
        2380,
        null,
        null,
        1,
        1,
        475,
        null,
        null,
        null,
        1,
        0,
        0,
        null,
        null,
        null,
        1,
        1,
        null,
        null,
        1,
        1,
        null,
        null,
        1,
        0,
        null,
        null,
        null,
        null,
        null
      ],
      "/Users/lucyfox/turing/1module/black_thursday/lib/merchant.rb": [
        1,
        null,
        1,
        1,
        null,
        1,
        9025,
        9025,
        9025,
        9025,
        null,
        null,
        1,
        1,
        null,
        null,
        1,
        1,
        null,
        null,
        1,
        0,
        null,
        null,
        1,
        0,
        0,
        0,
        null,
        null,
        null,
        null
      ],
      "/Users/lucyfox/turing/1module/black_thursday/lib/invoice_repository.rb": [
        1,
        null,
        1,
        1,
        null,
        1,
        19,
        19,
        null,
        null,
        1,
        0,
        null,
        null,
        1,
        19,
        94715,
        null,
        19,
        null,
        null,
        1,
        0,
        null,
        null,
        1,
        14,
        null,
        null,
        1,
        4986,
        null,
        null,
        1,
        4986,
        null,
        null,
        1,
        0,
        0,
        null,
        null,
        null,
        1,
        0,
        null,
        null,
        1,
        0,
        null,
        null,
        1,
        0,
        null,
        null,
        1,
        0,
        null,
        null,
        1,
        0,
        null,
        null,
        null
      ],
      "/Users/lucyfox/turing/1module/black_thursday/lib/invoice.rb": [
        1,
        null,
        1,
        1,
        null,
        null,
        1,
        94715,
        94715,
        94715,
        94715,
        94715,
        94715,
        94715,
        null,
        null,
        1,
        1,
        null,
        null,
        1,
        0,
        null,
        null,
        1,
        0,
        null,
        null,
        1,
        0,
        0,
        0,
        null,
        null,
        null,
        1,
        0,
        null,
        null,
        1,
        0,
        null,
        null,
        1,
        0,
        null,
        null,
        1,
        0,
        0,
        0,
        null,
        null,
        null,
        1,
        0,
        0,
        0,
        0,
        0,
        0,
        0,
        null,
        null,
        0,
        null,
        null,
        null
      ],
      "/Users/lucyfox/turing/1module/black_thursday/lib/transaction_repository.rb": [
        1,
        null,
        1,
        1,
        null,
        1,
        19,
        19,
        null,
        null,
        1,
        0,
        null,
        null,
        1,
        19,
        94715,
        null,
        19,
        null,
        null,
        1,
        0,
        null,
        null,
        1,
        0,
        null,
        null,
        1,
        1,
        4985,
        null,
        null,
        null,
        1,
        0,
        0,
        null,
        null,
        null,
        1,
        0,
        0,
        null,
        null,
        null,
        1,
        0,
        null,
        null,
        null
      ],
      "/Users/lucyfox/turing/1module/black_thursday/lib/transaction.rb": [
        1,
        null,
        1,
        1,
        null,
        null,
        null,
        1,
        94715,
        94715,
        94715,
        94715,
        94715,
        94715,
        94715,
        94715,
        null,
        null,
        1,
        0,
        null,
        null
      ],
      "/Users/lucyfox/turing/1module/black_thursday/lib/invoice_item_repository.rb": [
        1,
        1,
        null,
        1,
        1,
        null,
        1,
        19,
        19,
        null,
        null,
        1,
        0,
        null,
        null,
        1,
        19,
        414770,
        null,
        19,
        null,
        null,
        1,
        0,
        null,
        null,
        1,
        0,
        null,
        null,
        1,
        0,
        null,
        null,
        1,
        21831,
        null,
        null,
        null
      ],
      "/Users/lucyfox/turing/1module/black_thursday/lib/invoice_item.rb": [
        1,
        1,
        1,
        null,
        1,
        1,
        null,
        null,
        1,
        414770,
        414770,
        414770,
        414770,
        414770,
        414770,
        414770,
        414770,
        null,
        null,
        1,
        0,
        null,
        null,
        null
      ],
      "/Users/lucyfox/turing/1module/black_thursday/lib/customer_repository.rb": [
        1,
        1,
        null,
        1,
        1,
        null,
        1,
        19,
        19,
        null,
        null,
        1,
        0,
        null,
        null,
        1,
        20,
        19000,
        null,
        20,
        null,
        null,
        1,
        0,
        null,
        null,
        1,
        9,
        null,
        null,
        1,
        0,
        0,
        null,
        null,
        null,
        1,
        0,
        0,
        null,
        null,
        null,
        1,
        0,
        null,
        null,
        1,
        0,
        null,
        null
      ],
      "/Users/lucyfox/turing/1module/black_thursday/lib/customer.rb": [
        1,
        1,
        null,
        null,
        1,
        19000,
        19000,
        19000,
        19000,
        19000,
        19000,
        null,
        null,
        1,
        0,
        0,
        0,
        0,
        null,
        null,
        null
      ]
    },
    "timestamp": 1461819440
  },
  "RSpec": {
    "coverage": {
      "/Users/lucyfox/turing/1module/black_thursday/lib/customer_repository.rb": [
        1,
        1,
        null,
        1,
        1,
        null,
        1,
        111,
        111,
        null,
        null,
        1,
        1,
        null,
        null,
        1,
        108,
        98000,
        null,
        108,
        null,
        null,
        1,
        1,
        null,
        null,
        1,
        3590,
        null,
        null,
        1,
        2,
        4,
        null,
        null,
        null,
        1,
        2,
        4,
        null,
        null,
        null,
        1,
        2,
        null,
        null,
        1,
        9,
        null,
        null
      ],
      "/Users/lucyfox/turing/1module/black_thursday/lib/customer.rb": [
        1,
        1,
        null,
        null,
        1,
        98032,
        98032,
        98032,
        98032,
        98032,
        98032,
        null,
        null,
        1,
        1,
        1,
        8,
        8,
        null,
        null,
        null
      ],
      "/Users/lucyfox/turing/1module/black_thursday/lib/sales_engine.rb": [
        1,
        1,
        1,
        1,
        1,
        1,
        1,
        1,
        null,
        1,
        1,
        null,
        null,
        1,
        98,
        98,
        98,
        98,
        98,
        98,
        98,
        98,
        98,
        98,
        98,
        98,
        98,
        null,
        null,
        1,
        98,
        98,
        98,
        98,
        98,
        98,
        98,
        null,
        null,
        1,
        588,
        null,
        null,
        1,
        98,
        98,
        98,
        98,
        98,
        98,
        null,
        null,
        1,
        149,
        null,
        null,
        1,
        144,
        null,
        null,
        1,
        152,
        null,
        null,
        1,
        98,
        null,
        null,
        1,
        99,
        null,
        null,
        1,
        108,
        null,
        null,
        1,
        3804,
        null,
        null,
        1,
        14,
        null,
        null,
        1,
        6656,
        null,
        null,
        1,
        5640,
        null,
        null,
        1,
        2,
        null,
        null,
        1,
        16696,
        null,
        null,
        1,
        9,
        null,
        null,
        1,
        1,
        null,
        null,
        1,
        2,
        null,
        null,
        1,
        11,
        null,
        null,
        null,
        null,
        null,
        null,
        null,
        null
      ],
      "/Users/lucyfox/turing/1module/black_thursday/lib/item_repository.rb": [
        1,
        1,
        null,
        1,
        1,
        null,
        1,
        121,
        121,
        null,
        null,
        1,
        1,
        null,
        null,
        1,
        149,
        133966,
        null,
        149,
        null,
        null,
        1,
        2,
        null,
        null,
        1,
        13014,
        null,
        null,
        1,
        11,
        null,
        null,
        1,
        3,
        6,
        null,
        null,
        null,
        1,
        6,
        null,
        null,
        1,
        9,
        null,
        null,
        1,
        3808,
        5202806,
        null,
        null,
        null,
        1,
        3,
        null,
        null
      ],
      "/Users/lucyfox/turing/1module/black_thursday/lib/item.rb": [
        1,
        1,
        1,
        null,
        1,
        1,
        null,
        null,
        1,
        134019,
        134019,
        134019,
        134019,
        134019,
        134019,
        134019,
        134019,
        null,
        null,
        1,
        1,
        null,
        null,
        1,
        3,
        null,
        null,
        null
      ],
      "/Users/lucyfox/turing/1module/black_thursday/lib/merchant_repository.rb": [
        1,
        1,
        null,
        1,
        1,
        null,
        1,
        110,
        110,
        null,
        null,
        1,
        1,
        null,
        null,
        1,
        144,
        46550,
        null,
        144,
        null,
        null,
        1,
        2,
        null,
        null,
        1,
        345265,
        null,
        null,
        1,
        3,
        478,
        null,
        null,
        null,
        1,
        1,
        3,
        null,
        null,
        null,
        1,
        3803,
        null,
        null,
        1,
        6656,
        null,
        null,
        1,
        11,
        null,
        null,
        null,
        null,
        null
      ],
      "/Users/lucyfox/turing/1module/black_thursday/lib/merchant.rb": [
        1,
        null,
        1,
        1,
        null,
        1,
        46580,
        46580,
        46580,
        46580,
        null,
        null,
        1,
        3803,
        null,
        null,
        1,
        6656,
        null,
        null,
        1,
        244,
        null,
        null,
        1,
        11,
        1,
        10,
        null,
        null,
        null,
        null
      ],
      "/Users/lucyfox/turing/1module/black_thursday/lib/invoice_repository.rb": [
        1,
        null,
        1,
        1,
        null,
        1,
        115,
        115,
        null,
        null,
        1,
        1,
        null,
        null,
        1,
        152,
        488530,
        null,
        152,
        null,
        null,
        1,
        1,
        null,
        null,
        1,
        8,
        null,
        null,
        1,
        9978,
        null,
        null,
        1,
        33186822,
        null,
        null,
        1,
        1,
        2,
        null,
        null,
        null,
        1,
        1,
        null,
        null,
        1,
        5639,
        null,
        null,
        1,
        1,
        null,
        null,
        1,
        16696,
        null,
        null,
        1,
        9,
        null,
        null,
        null
      ],
      "/Users/lucyfox/turing/1module/black_thursday/lib/invoice.rb": [
        1,
        null,
        1,
        1,
        null,
        null,
        1,
        488607,
        488607,
        488607,
        488607,
        488607,
        488607,
        488607,
        null,
        null,
        1,
        14961,
        null,
        null,
        1,
        1,
        null,
        null,
        1,
        9971,
        null,
        null,
        1,
        1,
        1,
        8,
        null,
        null,
        null,
        1,
        5639,
        null,
        null,
        1,
        1,
        null,
        null,
        1,
        16696,
        null,
        null,
        1,
        16695,
        16695,
        13471,
        null,
        null,
        null,
        1,
        5627,
        5627,
        5627,
        5627,
        24382,
        24382,
        24382,
        null,
        null,
        5627,
        null,
        null,
        null
      ],
      "/Users/lucyfox/turing/1module/black_thursday/lib/transaction_repository.rb": [
        1,
        null,
        1,
        1,
        null,
        1,
        112,
        112,
        null,
        null,
        1,
        1,
        null,
        null,
        1,
        99,
        488530,
        null,
        99,
        null,
        null,
        1,
        1,
        null,
        null,
        1,
        6,
        null,
        null,
        1,
        16698,
        83229564,
        null,
        null,
        null,
        1,
        2,
        4,
        null,
        null,
        null,
        1,
        2,
        4,
        null,
        null,
        null,
        1,
        1,
        null,
        null,
        null
      ],
      "/Users/lucyfox/turing/1module/black_thursday/lib/transaction.rb": [
        1,
        null,
        1,
        1,
        null,
        null,
        null,
        1,
        488574,
        488574,
        488574,
        488574,
        488574,
        488574,
        488574,
        488574,
        null,
        null,
        1,
        1,
        null,
        null
      ],
      "/Users/lucyfox/turing/1module/black_thursday/lib/invoice_item_repository.rb": [
        1,
        1,
        null,
        1,
        1,
        null,
        1,
        111,
        111,
        null,
        null,
        1,
        1,
        null,
        null,
        1,
        98,
        2139340,
        null,
        98,
        null,
        null,
        1,
        2,
        null,
        null,
        1,
        6,
        null,
        null,
        1,
        6,
        null,
        null,
        1,
        123126846,
        null,
        null,
        null
      ],
      "/Users/lucyfox/turing/1module/black_thursday/lib/invoice_item.rb": [
        1,
        1,
        1,
        null,
        1,
        1,
        null,
        null,
        1,
        2139371,
        2139371,
        2139371,
        2139371,
        2139371,
        2139371,
        2139371,
        2139371,
        null,
        null,
        1,
        1,
        null,
        null,
        null
      ],
      "/Users/lucyfox/turing/1module/black_thursday/test/customer_test.rb": [
        1,
        1,
        1,
        null,
        1,
        1,
        null,
        1,
        7,
        null,
        null,
        null,
        null,
        null,
        null,
        null,
        7,
        null,
        7,
        null,
        null,
        null,
        null,
        null,
        null,
        null,
        null,
        null,
        1,
        1,
        null,
        null,
        1,
        1,
        null,
        null,
        1,
        1,
        null,
        null,
        1,
        1,
        null,
        null,
        1,
        1,
        1,
        1,
        1,
        null,
        null,
        1,
        1,
        1,
        1,
        1,
        null,
        null,
        1,
        1,
        null,
        null,
        null,
        null,
        1,
        1,
        1,
        null,
        null
      ],
      "/Users/lucyfox/turing/1module/black_thursday/test/invoice_item_repository_test.rb": [
        1,
        1,
        null,
        1,
        1,
        null,
        1,
        11,
        null,
        null,
        null,
        null,
        null,
        null,
        null,
        null,
        null,
        11,
        null,
        null,
        null,
        null,
        null,
        null,
        null,
        null,
        null,
        11,
        11,
        null,
        null,
        1,
        1,
        null,
        null,
        1,
        1,
        null,
        null,
        1,
        1,
        1,
        null,
        null,
        1,
        1,
        null,
        null,
        1,
        1,
        1,
        null,
        null,
        1,
        1,
        1,
        null,
        null,
        1,
        1,
        null,
        null,
        1,
        1,
        1,
        null,
        null,
        1,
        1,
        null,
        null,
        1,
        1,
        1,
        null,
        null,
        1,
        1,
        null,
        null,
        null
      ],
      "/Users/lucyfox/turing/1module/black_thursday/test/invoice_item_test.rb": [
        1,
        1,
        null,
        1,
        1,
        null,
        1,
        9,
        null,
        null,
        null,
        null,
        null,
        null,
        null,
        null,
        null,
        null,
        1,
        1,
        null,
        null,
        1,
        1,
        null,
        null,
        1,
        1,
        null,
        null,
        1,
        1,
        null,
        null,
        1,
        1,
        null,
        null,
        1,
        1,
        null,
        null,
        1,
        1,
        null,
        null,
        1,
        1,
        1,
        1,
        1,
        null,
        null,
        1,
        1,
        1,
        1,
        1,
        null,
        null
      ],
      "/Users/lucyfox/turing/1module/black_thursday/test/invoice_repository_test.rb": [
        1,
        1,
        1,
        null,
        null,
        1,
        1,
        null,
        1,
        16,
        null,
        null,
        null,
        null,
        null,
        null,
        null,
        null,
        16,
        null,
        null,
        null,
        null,
        null,
        null,
        null,
        null,
        16,
        16,
        null,
        16,
        null,
        null,
        null,
        null,
        null,
        null,
        16,
        null,
        null,
        1,
        1,
        null,
        null,
        1,
        1,
        null,
        null,
        1,
        1,
        1,
        null,
        null,
        1,
        1,
        null,
        null,
        1,
        1,
        1,
        null,
        null,
        1,
        1,
        null,
        null,
        1,
        1,
        1,
        null,
        null,
        1,
        1,
        null,
        null,
        1,
        1,
        1,
        null,
        null,
        1,
        1,
        null,
        null,
        1,
        1,
        1,
        null,
        null,
        1,
        1,
        1,
        1,
        null,
        null,
        1,
        1,
        1,
        1,
        1,
        null,
        null,
        1,
        1,
        1,
        1,
        null,
        null,
        1,
        1,
        1,
        1,
        1,
        null,
        null,
        1,
        1,
        1,
        1,
        null,
        null,
        null
      ],
      "/Users/lucyfox/turing/1module/black_thursday/test/invoice_test.rb": [
        1,
        1,
        1,
        null,
        1,
        1,
        null,
        1,
        null,
        15,
        null,
        null,
        null,
        null,
        null,
        null,
        null,
        15,
        null,
        null,
        null,
        null,
        null,
        null,
        null,
        null,
        15,
        15,
        null,
        15,
        null,
        null,
        null,
        null,
        null,
        null,
        null,
        null,
        15,
        null,
        null,
        null,
        null,
        null,
        null,
        null,
        null,
        null,
        null,
        1,
        1,
        null,
        null,
        1,
        1,
        null,
        null,
        1,
        1,
        null,
        null,
        1,
        1,
        null,
        null,
        1,
        1,
        null,
        null,
        1,
        1,
        null,
        null,
        1,
        1,
        1,
        1,
        1,
        null,
        null,
        1,
        1,
        1,
        1,
        1,
        null,
        null,
        1,
        1,
        1,
        1,
        null,
        null,
        1,
        1,
        1,
        1,
        null,
        null,
        1,
        1,
        1,
        1,
        null,
        null,
        1,
        1,
        1,
        1,
        null,
        null,
        1,
        1,
        1,
        1,
        null,
        null,
        1,
        1,
        null,
        null,
        1,
        1,
        1,
        null,
        null,
        null
      ],
      "/Users/lucyfox/turing/1module/black_thursday/test/item_repository_test.rb": [
        1,
        1,
        1,
        null,
        1,
        null,
        1,
        21,
        null,
        null,
        null,
        null,
        null,
        null,
        21,
        null,
        null,
        null,
        null,
        null,
        null,
        21,
        21,
        null,
        null,
        1,
        1,
        null,
        null,
        1,
        1,
        null,
        null,
        1,
        1,
        1,
        null,
        null,
        1,
        1,
        1,
        null,
        null,
        1,
        1,
        1,
        null,
        null,
        1,
        1,
        1,
        1,
        null,
        null,
        1,
        1,
        1,
        1,
        null,
        null,
        1,
        1,
        1,
        1,
        null,
        null,
        1,
        1,
        1,
        1,
        null,
        null,
        1,
        1,
        1,
        1,
        null,
        null,
        1,
        1,
        1,
        null,
        null,
        1,
        1,
        1,
        null,
        null,
        1,
        1,
        1,
        null,
        null,
        1,
        1,
        1,
        1,
        null,
        null,
        1,
        1,
        1,
        null,
        null,
        1,
        1,
        1,
        1,
        null,
        null,
        1,
        1,
        1,
        1,
        null,
        null,
        1,
        1,
        1,
        null,
        null,
        1,
        1,
        1,
        1,
        null,
        null,
        1,
        1,
        1,
        null,
        null,
        1,
        1,
        null,
        null,
        null,
        null,
        null,
        null,
        1,
        1,
        1,
        1,
        null,
        null,
        null
      ],
      "/Users/lucyfox/turing/1module/black_thursday/test/item_test.rb": [
        1,
        1,
        null,
        1,
        null,
        1,
        10,
        null,
        null,
        null,
        null,
        null,
        null,
        1,
        1,
        null,
        null,
        1,
        1,
        null,
        null,
        1,
        1,
        null,
        null,
        1,
        1,
        null,
        null,
        1,
        1,
        null,
        null,
        1,
        1,
        1,
        1,
        1,
        null,
        null,
        1,
        1,
        1,
        1,
        1,
        null,
        null,
        1,
        1,
        null,
        null,
        1,
        1,
        null,
        null,
        1,
        1,
        1,
        null,
        null,
        null,
        null,
        1,
        1,
        1,
        null,
        null,
        null
      ],
      "/Users/lucyfox/turing/1module/black_thursday/test/merchant_repository_test.rb": [
        1,
        1,
        1,
        1,
        null,
        1,
        1,
        null,
        1,
        10,
        10,
        10,
        10,
        null,
        10,
        null,
        null,
        null,
        null,
        null,
        null,
        10,
        null,
        null,
        1,
        1,
        null,
        null,
        1,
        1,
        null,
        null,
        1,
        1,
        1,
        null,
        null,
        1,
        1,
        1,
        null,
        null,
        1,
        1,
        1,
        null,
        null,
        1,
        1,
        1,
        null,
        null,
        1,
        1,
        1,
        1,
        1,
        1,
        1,
        null,
        1,
        null,
        null,
        1,
        1,
        1,
        1,
        null,
        null,
        1,
        1,
        1,
        1,
        null,
        null,
        1,
        1,
        1,
        1,
        null,
        null
      ],
      "/Users/lucyfox/turing/1module/black_thursday/test/merchant_test.rb": [
        1,
        1,
        1,
        1,
        null,
        1,
        1,
        null,
        1,
        9,
        null,
        null,
        null,
        null,
        null,
        null,
        9,
        9,
        9,
        null,
        null,
        1,
        1,
        1,
        null,
        null,
        1,
        1,
        1,
        null,
        null,
        1,
        1,
        1,
        null,
        null,
        1,
        1,
        1,
        1,
        1,
        1,
        null,
        null,
        1,
        1,
        1,
        1,
        1,
        1,
        null,
        null,
        1,
        1,
        1,
        1,
        1,
        null,
        null,
        1,
        1,
        1,
        1,
        1,
        null,
        null,
        null
      ],
      "/Users/lucyfox/turing/1module/black_thursday/test/sales_analyst_test.rb": [
        1,
        1,
        null,
        1,
        1,
        23,
        null,
        null,
        null,
        null,
        null,
        null,
        23,
        null,
        null,
        1,
        1,
        null,
        null,
        1,
        1,
        1,
        1,
        null,
        null,
        1,
        1,
        1,
        1,
        null,
        null,
        1,
        1,
        1,
        1,
        null,
        null,
        1,
        1,
        1,
        null,
        null,
        1,
        1,
        1,
        1,
        null,
        null,
        1,
        1,
        1,
        1,
        null,
        null,
        1,
        1,
        1,
        null,
        null,
        1,
        1,
        1,
        null,
        null,
        1,
        1,
        1,
        1,
        null,
        null,
        1,
        1,
        1,
        1,
        null,
        null,
        1,
        1,
        1,
        1,
        null,
        null,
        1,
        1,
        1,
        1,
        null,
        null,
        1,
        1,
        1,
        1,
        null,
        null,
        1,
        1,
        1,
        1,
        null,
        null,
        1,
        1,
        1,
        1,
        1,
        null,
        null,
        1,
        1,
        1,
        1,
        null,
        null,
        1,
        1,
        1,
        1,
        null,
        null,
        1,
        1,
        1,
        null,
        null,
        1,
        1,
        1,
        1,
        null,
        null,
        1,
        1,
        1,
        null,
        null,
        1,
        1,
        1,
        1,
        1,
        null,
        null,
        1,
        1,
        1,
        1,
        null,
        null,
        null
      ],
      "/Users/lucyfox/turing/1module/black_thursday/lib/sales_analyst.rb": [
        1,
        1,
        1,
        null,
        1,
        1,
        23,
        23,
        23,
        23,
        23,
        23,
        23,
        23,
        null,
        null,
        1,
        4,
        1900,
        1900,
        null,
        null,
        null,
        1,
        2,
        2,
        null,
        null,
        1,
        489,
        489,
        489,
        null,
        null,
        1,
        2,
        2,
        2,
        null,
        null,
        1,
        3756,
        7,
        7,
        null,
        null,
        1,
        1,
        1,
        1,
        1,
        null,
        null,
        1,
        1,
        475,
        null,
        null,
        null,
        1,
        476,
        476,
        1368,
        null,
        476,
        null,
        null,
        1,
        1,
        475,
        null,
        1,
        null,
        null,
        1,
        1,
        1,
        1367,
        null,
        null,
        null,
        1,
        2736,
        null,
        null,
        1,
        1,
        1,
        1,
        null,
        null,
        1,
        6,
        6,
        null,
        null,
        1,
        9,
        4275,
        4275,
        null,
        null,
        null,
        1,
        3,
        3,
        null,
        null,
        1,
        1,
        1,
        1,
        1,
        475,
        null,
        null,
        null,
        1,
        1,
        1,
        1,
        1,
        475,
        null,
        null,
        null,
        1,
        16,
        2,
        9970,
        9970,
        null,
        2,
        null,
        null,
        1,
        1,
        1,
        1,
        1,
        1,
        7,
        null,
        2,
        1,
        null,
        null,
        1,
        1,
        1,
        0,
        null,
        0,
        null,
        0,
        null,
        1,
        null,
        0,
        null,
        0,
        null,
        0,
        null,
        null,
        1,
        null,
        null,
        1,
        14958,
        3,
        3,
        null,
        null,
        null,
        null,
        1,
        1,
        1,
        4985,
        null,
        1,
        0,
        0,
        null,
        null,
        1,
        null,
        null,
        1,
        951,
        951,
        951,
        951,
        9980,
        5625,
        null,
        null,
        951,
        null,
        null,
        1,
        2,
        2,
        950,
        950,
        null,
        952,
        2,
        null,
        null,
        1,
        1,
        1,
        null,
        null,
        1,
        1,
        1,
        475,
        1542,
        467,
        null,
        null,
        1,
        null,
        null,
        1,
        2,
        950,
        null,
        null,
        null,
        1,
        1,
        1,
        243,
        null,
        null,
        null,
        1,
        1,
        1,
        1,
        1,
        1,
        11,
        1,
        1,
        10,
        null,
        51,
        1,
        null,
        null,
        1,
        2,
        20,
        null,
        null,
        null,
        1,
        2,
        10,
        null,
        2,
        null,
        null,
        1,
        2,
        2,
        56,
        56,
        328,
        null,
        null,
        2,
        null,
        null,
        1,
        1,
        164,
        null,
        null,
        null,
        1,
        328,
        53792,
        null,
        null,
        null,
        1,
        2,
        6,
        null,
        null,
        null,
        1,
        1,
        1,
        1,
        1,
        1,
        29,
        1,
        1,
        28,
        null,
        10,
        1,
        1,
        null,
        null,
        1,
        1,
        164,
        164,
        164,
        null,
        null,
        null,
        null,
        null,
        null
      ],
      "/Users/lucyfox/turing/1module/black_thursday/test/sales_engine_test.rb": [
        1,
        1,
        null,
        null,
        1,
        null,
        1,
        14,
        null,
        null,
        null,
        null,
        null,
        null,
        null,
        null,
        1,
        1,
        null,
        null,
        1,
        1,
        1,
        1,
        1,
        null,
        null,
        1,
        1,
        1,
        1,
        null,
        null,
        1,
        1,
        1,
        1,
        null,
        null,
        1,
        1,
        1,
        1,
        1,
        null,
        null,
        1,
        1,
        1,
        1,
        null,
        null,
        1,
        1,
        1,
        1,
        null,
        null,
        1,
        1,
        1,
        1,
        1,
        1,
        null,
        null,
        1,
        1,
        1,
        1,
        null,
        1,
        null,
        null,
        1,
        1,
        1,
        1,
        null,
        null,
        1,
        1,
        1,
        1,
        null,
        1,
        null,
        null,
        1,
        0,
        0,
        0,
        0,
        null,
        null,
        1,
        0,
        0,
        0,
        0,
        null,
        null,
        1,
        0,
        0,
        0,
        0,
        null,
        null,
        1,
        1,
        1,
        1,
        1,
        null,
        null,
        1,
        1,
        1,
        1,
        1,
        null,
        null,
        1,
        1,
        1,
        1,
        1,
        null,
        null,
        null
      ],
      "/Users/lucyfox/turing/1module/black_thursday/test/test_helper.rb": [
        1,
        1,
        1,
        1
      ],
      "/Users/lucyfox/turing/1module/black_thursday/test/transaction_repository_test.rb": [
        1,
        1,
        1,
        null,
        1,
        1,
        null,
        1,
        13,
        null,
        null,
        null,
        null,
        null,
        null,
        null,
        null,
        null,
        13,
        null,
        null,
        null,
        null,
        null,
        null,
        null,
        null,
        null,
        13,
        13,
        null,
        null,
        1,
        1,
        null,
        null,
        1,
        1,
        null,
        null,
        1,
        1,
        1,
        null,
        null,
        1,
        1,
        null,
        null,
        1,
        1,
        1,
        null,
        null,
        1,
        1,
        null,
        null,
        1,
        1,
        1,
        null,
        null,
        1,
        1,
        null,
        null,
        1,
        1,
        1,
        null,
        null,
        1,
        1,
        null,
        null,
        1,
        1,
        1,
        null,
        null,
        1,
        1,
        1,
        null,
        null,
        1,
        1,
        null,
        null,
        null,
        null,
        null,
        null,
        1,
        null,
        1,
        1,
        1,
        null,
        null,
        null
      ],
      "/Users/lucyfox/turing/1module/black_thursday/test/transaction_test.rb": [
        1,
        1,
        null,
        1,
        1,
        null,
        1,
        9,
        null,
        null,
        null,
        null,
        null,
        null,
        null,
        null,
        null,
        9,
        null,
        9,
        null,
        null,
        null,
        null,
        null,
        null,
        null,
        null,
        null,
        null,
        1,
        1,
        null,
        null,
        1,
        1,
        null,
        null,
        1,
        1,
        null,
        null,
        1,
        1,
        null,
        null,
        1,
        1,
        null,
        null,
        1,
        1,
        null,
        null,
        1,
        1,
        1,
        1,
        1,
        null,
        null,
        1,
        1,
        1,
        1,
        1,
        null,
        null,
        1,
        1,
        1,
        1,
        null,
        null
      ]
    },
    "timestamp": 1461803139
  }
}
